<?xml version="1.0" encoding="UTF-8" ?>
<testsuite failures="0" time="0.117" errors="0" skipped="0" tests="1" name="com.codeaway.ejb.mdb.AppTest">
  <properties>
    <property name="java.vm.vendor.url.bug" value="http://download.oracle.com/docs/cd/E15289_01/go2troubleshooting.html"/>
    <property name="java.runtime.name" value="Java(TM) SE Runtime Environment"/>
    <property name="sun.boot.library.path" value="/opt/bea/jrockit_160_24_D1.1.2-4/jre/lib/i386"/>
    <property name="java.vm.version" value="R28.1.3-11-141760-1.6.0_24-20110301-1430-linux-ia32"/>
    <property name="java.vm.vendor" value="Oracle Corporation"/>
    <property name="java.vendor.url" value="http://www.oracle.com/"/>
    <property name="path.separator" value=":"/>
    <property name="java.vm.name" value="Oracle JRockit(R)"/>
    <property name="file.encoding.pkg" value="sun.io"/>
    <property name="user.country" value="US"/>
    <property name="sun.java.launcher" value="SUN_STANDARD"/>
    <property name="sun.os.patch.level" value="unknown"/>
    <property name="java.vm.vendor.url" value="http://www.oracle.com/"/>
    <property name="java.vm.specification.name" value="Java Virtual Machine Specification"/>
    <property name="user.dir" value="/home/jean/customUtils/test/EJBTesting"/>
    <property name="java.runtime.version" value="1.6.0_24-b07"/>
    <property name="java.awt.graphicsenv" value="sun.awt.X11GraphicsEnvironment"/>
    <property name="basedir" value="/home/jean/customUtils/test/EJBTesting"/>
    <property name="java.endorsed.dirs" value="/opt/bea/jrockit_160_24_D1.1.2-4/jre/lib/endorsed"/>
    <property name="os.arch" value="i386"/>
    <property name="surefire.real.class.path" value="/tmp/surefirebooter7897157788476285804.jar"/>
    <property name="java.io.tmpdir" value="/tmp"/>
    <property name="line.separator" value="
"/>
    <property name="java.vm.specification.vendor" value="Sun Microsystems Inc."/>
    <property name="os.name" value="Linux"/>
    <property name="sun.jnu.encoding" value="UTF-8"/>
    <property name="java.library.path" value="/opt/bea/jrockit_160_24_D1.1.2-4/jre/lib/i386/jrockit:/opt/bea/jrockit_160_24_D1.1.2-4/jre/lib/i386:/opt/bea/jrockit_160_24_D1.1.2-4/jre/../lib/i386:/opt/bea/patch_wls1035/profiles/default/native:/opt/bea/patch_oepe1050/profiles/default/native:/opt/bea/patch_ocp360/profiles/default/native:/opt/bea/wlserver_10.3/server/native/linux/i686:/opt/bea/wlserver_10.3/server/native/linux/i686/oci920_8"/>
    <property name="surefire.test.class.path" value="/home/jean/customUtils/test/EJBTesting/target/test-classes:/home/jean/customUtils/test/EJBTesting/target/classes:/home/jean/.m2/repository/junit/junit/3.8.1/junit-3.8.1.jar:"/>
    <property name="java.specification.name" value="Java Platform API Specification"/>
    <property name="java.class.version" value="50.0"/>
    <property name="sun.management.compiler" value="Oracle JRockit(R) Optimizing Compiler"/>
    <property name="os.version" value="2.6.32-23-generic"/>
    <property name="user.home" value="/home/jean"/>
    <property name="user.timezone" value=""/>
    <property name="java.awt.printerjob" value="sun.print.PSPrinterJob"/>
    <property name="java.specification.version" value="1.6"/>
    <property name="file.encoding" value="UTF-8"/>
    <property name="user.name" value="jean"/>
    <property name="java.class.path" value="/home/jean/customUtils/test/EJBTesting/target/test-classes:/home/jean/customUtils/test/EJBTesting/target/classes:/home/jean/.m2/repository/junit/junit/3.8.1/junit-3.8.1.jar:"/>
    <property name="java.vm.specification.version" value="1.0"/>
    <property name="java.home" value="/opt/bea/jrockit_160_24_D1.1.2-4/jre"/>
    <property name="sun.arch.data.model" value="32"/>
    <property name="java.specification.vendor" value="Sun Microsystems Inc."/>
    <property name="user.language" value="en"/>
    <property name="java.vm.info" value="compiled mode"/>
    <property name="java.version" value="1.6.0_24"/>
    <property name="java.ext.dirs" value="/opt/bea/jrockit_160_24_D1.1.2-4/jre/lib/ext"/>
    <property name="kernel.download.enabled" value="false"/>
    <property name="sun.boot.class.path" value="/opt/bea/jrockit_160_24_D1.1.2-4/jre/lib/resources.jar:/opt/bea/jrockit_160_24_D1.1.2-4/jre/lib/rt.jar:/opt/bea/jrockit_160_24_D1.1.2-4/jre/lib/sunrsasign.jar:/opt/bea/jrockit_160_24_D1.1.2-4/jre/lib/jsse.jar:/opt/bea/jrockit_160_24_D1.1.2-4/jre/lib/jce.jar:/opt/bea/jrockit_160_24_D1.1.2-4/jre/lib/charsets.jar:/opt/bea/jrockit_160_24_D1.1.2-4/jre/classes"/>
    <property name="java.vendor" value="Oracle Corporation"/>
    <property name="localRepository" value="/home/jean/.m2/repository"/>
    <property name="file.separator" value="/"/>
    <property name="java.vendor.url.bug" value="http://download.oracle.com/docs/cd/E15289_01/go2troubleshooting.html"/>
    <property name="sun.cpu.endian" value="little"/>
    <property name="sun.io.unicode.encoding" value="UnicodeLittle"/>
    <property name="sun.desktop" value="gnome"/>
    <property name="sun.cpu.isalist" value=""/>
  </properties>
  <testcase time="0.009" classname="com.codeaway.ejb.mdb.AppTest" name="testApp"/>
</testsuite>